<?xml version="1.0" encoding="UTF-8"?>
<testng-results ignored="0" total="1" passed="1" failed="0" skipped="0">
  <reporter-output>
  </reporter-output>
  <suite started-at="2023-09-30T16:37:38Z" name="Default suite" finished-at="2023-09-30T16:37:52Z" duration-ms="13880">
    <groups>
    </groups>
    <test started-at="2023-09-30T16:37:38Z" name="Default test" finished-at="2023-09-30T16:37:52Z" duration-ms="13880">
      <class name="pruebaSeleniumDos.NewTest">
        <test-method signature="f()[pri:0, instance:pruebaSeleniumDos.NewTest@534a5a98]" started-at="2023-09-30T10:37:38Z" name="f" finished-at="2023-09-30T10:37:52Z" duration-ms="13873" status="PASS">
          <reporter-output>
          </reporter-output>
        </test-method> <!-- f -->
      </class> <!-- pruebaSeleniumDos.NewTest -->
    </test> <!-- Default test -->
  </suite> <!-- Default suite -->
</testng-results>
