<?xml version="1.0" encoding="UTF-8"?>
<testng-results ignored="0" total="1" passed="1" failed="0" skipped="0">
  <reporter-output>
  </reporter-output>
  <suite started-at="2023-10-21T17:52:36Z" name="Default suite" finished-at="2023-10-21T17:52:41Z" duration-ms="4602">
    <groups>
    </groups>
    <test started-at="2023-10-21T17:52:36Z" name="Default test" finished-at="2023-10-21T17:52:41Z" duration-ms="4602">
      <class name="loginTests.TC02_Login_Lock">
        <test-method is-config="true" signature="startWebPage()[pri:0, instance:loginTests.TC02_Login_Lock@5183d589]" started-at="2023-10-21T11:52:36Z" name="startWebPage" finished-at="2023-10-21T11:52:38Z" duration-ms="1285" status="PASS">
          <reporter-output>
          </reporter-output>
        </test-method> <!-- startWebPage -->
        <test-method signature="TC02()[pri:0, instance:loginTests.TC02_Login_Lock@5183d589]" started-at="2023-10-21T11:52:38Z" name="TC02" finished-at="2023-10-21T11:52:41Z" duration-ms="3201" status="PASS">
          <reporter-output>
          </reporter-output>
        </test-method> <!-- TC02 -->
        <test-method is-config="true" signature="closeDriver()[pri:0, instance:loginTests.TC02_Login_Lock@5183d589]" started-at="2023-10-21T11:52:41Z" name="closeDriver" finished-at="2023-10-21T11:52:41Z" duration-ms="112" status="PASS">
          <reporter-output>
          </reporter-output>
        </test-method> <!-- closeDriver -->
      </class> <!-- loginTests.TC02_Login_Lock -->
    </test> <!-- Default test -->
  </suite> <!-- Default suite -->
</testng-results>
